
               __    _____           __         
   _______  __/ /_  / __(_)___  ____/ /__  _____
  / ___/ / / / __ \/ /_/ / __ \/ __  / _ \/ ___/
 (__  ) /_/ / /_/ / __/ / / / / /_/ /  __/ /    
/____/\__,_/_.___/_/ /_/_/ /_/\__,_/\___/_/

		projectdiscovery.io

[[34mINF[0m] Current subfinder version v2.12.0 ([91moutdated[0m)
[[34mINF[0m] Loading provider config from /home/refan/.config/subfinder/provider-config.yaml
[[34mINF[0m] Enumerating subdomains for hackerone.com
[[34mINF[0m] Found 16 subdomains for hackerone.com in 26 seconds 749 milliseconds

               __    _____           __         
   _______  __/ /_  / __(_)___  ____/ /__  _____
  / ___/ / / / __ \/ /_/ / __ \/ __  / _ \/ ___/
 (__  ) /_/ / /_/ / __/ / / / / /_/ /  __/ /    
/____/\__,_/_.___/_/ /_/_/ /_/\__,_/\___/_/

		projectdiscovery.io

[[34mINF[0m] Current subfinder version v2.12.0 ([91moutdated[0m)
[[34mINF[0m] Loading provider config from /home/refan/.config/subfinder/provider-config.yaml
[[34mINF[0m] Enumerating subdomains for bugscrowd.com
[[34mINF[0m] Found 0 subdomains for bugscrowd.com in 2 seconds 83 milliseconds

               __    _____           __         
   _______  __/ /_  / __(_)___  ____/ /__  _____
  / ___/ / / / __ \/ /_/ / __ \/ __  / _ \/ ___/
 (__  ) /_/ / /_/ / __/ / / / / /_/ /  __/ /    
/____/\__,_/_.___/_/ /_/_/ /_/\__,_/\___/_/

		projectdiscovery.io

[[34mINF[0m] Current subfinder version v2.12.0 ([91moutdated[0m)
[[34mINF[0m] Loading provider config from /home/refan/.config/subfinder/provider-config.yaml
[[34mINF[0m] Enumerating subdomains for yeswehack.com
[[34mINF[0m] Found 34 subdomains for yeswehack.com in 17 seconds 126 milliseconds

               __    _____           __         
   _______  __/ /_  / __(_)___  ____/ /__  _____
  / ___/ / / / __ \/ /_/ / __ \/ __  / _ \/ ___/
 (__  ) /_/ / /_/ / __/ / / / / /_/ /  __/ /    
/____/\__,_/_.___/_/ /_/_/ /_/\__,_/\___/_/

		projectdiscovery.io

[[34mINF[0m] Current subfinder version v2.12.0 ([91moutdated[0m)
[[34mINF[0m] Loading provider config from /home/refan/.config/subfinder/provider-config.yaml
[[34mINF[0m] Enumerating subdomains for synack.com
[[34mINF[0m] Found 354 subdomains for synack.com in 10 seconds 36 milliseconds

               __    _____           __         
   _______  __/ /_  / __(_)___  ____/ /__  _____
  / ___/ / / / __ \/ /_/ / __ \/ __  / _ \/ ___/
 (__  ) /_/ / /_/ / __/ / / / / /_/ /  __/ /    
/____/\__,_/_.___/_/ /_/_/ /_/\__,_/\___/_/

		projectdiscovery.io

[[34mINF[0m] Current subfinder version v2.12.0 ([91moutdated[0m)
[[34mINF[0m] Loading provider config from /home/refan/.config/subfinder/provider-config.yaml
[[34mINF[0m] Enumerating subdomains for detectify.com
[[34mINF[0m] Found 46 subdomains for detectify.com in 21 seconds 72 milliseconds
